[debug] [2022-04-06T06:23:29.830Z] ----------------------------------------------------------------------
[debug] [2022-04-06T06:23:29.831Z] Command:       /Users/kodaishiotsuki/.nodebrew/node/v16.14.0/bin/node /Users/kodaishiotsuki/.nodebrew/current/bin/firebase init
[debug] [2022-04-06T06:23:29.832Z] CLI Version:   10.6.0
[debug] [2022-04-06T06:23:29.832Z] Platform:      darwin
[debug] [2022-04-06T06:23:29.832Z] Node Version:  v16.14.0
[debug] [2022-04-06T06:23:29.833Z] Time:          Wed Apr 06 2022 15:23:29 GMT+0900 (日本標準時)
[debug] [2022-04-06T06:23:29.834Z] ----------------------------------------------------------------------
[debug] 
[debug] [2022-04-06T06:23:29.886Z] > command requires scopes: ["email","openid","https://www.googleapis.com/auth/cloudplatformprojects.readonly","https://www.googleapis.com/auth/firebase","https://www.googleapis.com/auth/cloud-platform"]
[debug] [2022-04-06T06:23:29.886Z] > authorizing via signed-in user (0711dr5@gmail.com)
[info] 
     ######## #### ########  ######## ########     ###     ######  ########
     ##        ##  ##     ## ##       ##     ##  ##   ##  ##       ##
     ######    ##  ########  ######   ########  #########  ######  ######
     ##        ##  ##    ##  ##       ##     ## ##     ##       ## ##
     ##       #### ##     ## ######## ########  ##     ##  ######  ########

You're about to initialize a Firebase project in this directory:

  /Users/kodaishiotsuki/Desktop/development/match-hub-alpha

Before we get started, keep in mind:

  * You are initializing within an existing Firebase project directory

