[debug] [2022-04-06T05:22:36.467Z] ----------------------------------------------------------------------
[debug] [2022-04-06T05:22:36.469Z] Command:       /Users/kodaishiotsuki/.nodebrew/node/v16.14.0/bin/node /Users/kodaishiotsuki/.nodebrew/current/bin/firebase init
[debug] [2022-04-06T05:22:36.469Z] CLI Version:   10.5.0
[debug] [2022-04-06T05:22:36.469Z] Platform:      darwin
[debug] [2022-04-06T05:22:36.469Z] Node Version:  v16.14.0
[debug] [2022-04-06T05:22:36.476Z] Time:          Wed Apr 06 2022 14:22:36 GMT+0900 (日本標準時)
[debug] [2022-04-06T05:22:36.477Z] ----------------------------------------------------------------------
[debug] 
[debug] [2022-04-06T05:22:36.480Z] >>> [apiv2][query] GET https://firebase-public.firebaseio.com/cli.json [none]
[debug] [2022-04-06T05:22:36.552Z] > command requires scopes: ["email","openid","https://www.googleapis.com/auth/cloudplatformprojects.readonly","https://www.googleapis.com/auth/firebase","https://www.googleapis.com/auth/cloud-platform"]
[debug] [2022-04-06T05:22:36.553Z] > authorizing via signed-in user (0711dr5@gmail.com)
[info] 
     ######## #### ########  ######## ########     ###     ######  ########
     ##        ##  ##     ## ##       ##     ##  ##   ##  ##       ##
     ######    ##  ########  ######   ########  #########  ######  ######
     ##        ##  ##    ##  ##       ##     ## ##     ##       ## ##
     ##       #### ##     ## ######## ########  ##     ##  ######  ########

You're about to initialize a Firebase project in this directory:

  /Users/kodaishiotsuki/Desktop/development/match-hub-alpha

Before we get started, keep in mind:

  * You are initializing within an existing Firebase project directory

[debug] [2022-04-06T05:22:37.180Z] <<< [apiv2][status] GET https://firebase-public.firebaseio.com/cli.json 200
[debug] [2022-04-06T05:22:37.180Z] <<< [apiv2][body] GET https://firebase-public.firebaseio.com/cli.json {"cloudBuildErrorAfter":1594252800000,"cloudBuildWarnAfter":1590019200000,"defaultNode10After":1594252800000,"minVersion":"3.0.5","node8DeploysDisabledAfter":1613390400000,"node8RuntimeDisabledAfter":1615809600000,"node8WarnAfter":1600128000000}
[info] 
=== Project Setup
[info] 
[info] First, let's associate this project directory with a Firebase project.
[info] You can create multiple project aliases by running firebase use --add, 
[info] but for now we'll just set up a default project.
[info] 
[debug] [2022-04-06T05:22:40.711Z] Using project from CLI flag: matchhub-alpha-655a1
[debug] [2022-04-06T05:22:40.712Z] > refreshing access token with scopes: []
[debug] [2022-04-06T05:22:40.712Z] >>> HTTP REQUEST POST https://www.googleapis.com/oauth2/v3/token  
 <request body omitted>
[debug] [2022-04-06T05:22:40.908Z] <<< HTTP RESPONSE 200 {"date":"Wed, 06 Apr 2022 05:22:40 GMT","expires":"Mon, 01 Jan 1990 00:00:00 GMT","pragma":"no-cache","cache-control":"no-cache, no-store, max-age=0, must-revalidate","content-type":"application/json; charset=utf-8","vary":"X-Origin, Referer, Origin,Accept-Encoding","server":"scaffolding on HTTPServer2","x-xss-protection":"0","x-frame-options":"SAMEORIGIN","x-content-type-options":"nosniff","alt-svc":"h3=\":443\"; ma=2592000,h3-29=\":443\"; ma=2592000,h3-Q050=\":443\"; ma=2592000,h3-Q046=\":443\"; ma=2592000,h3-Q043=\":443\"; ma=2592000,quic=\":443\"; ma=2592000; v=\"46,43\"","accept-ranges":"none","transfer-encoding":"chunked"}
[debug] [2022-04-06T05:22:40.952Z] >>> [apiv2][query] GET https://firebase.googleapis.com/v1beta1/projects/matchhub-alpha-655a1 [none]
[debug] [2022-04-06T05:22:41.459Z] <<< [apiv2][status] GET https://firebase.googleapis.com/v1beta1/projects/matchhub-alpha-655a1 200
[debug] [2022-04-06T05:22:41.459Z] <<< [apiv2][body] GET https://firebase.googleapis.com/v1beta1/projects/matchhub-alpha-655a1 {"projectId":"matchhub-alpha-655a1","projectNumber":"1023961629151","displayName":"matchhub-alpha","name":"projects/matchhub-alpha-655a1","resources":{"hostingSite":"matchhub-alpha-655a1","realtimeDatabaseInstance":"matchhub-alpha-655a1-default-rtdb","storageBucket":"matchhub-alpha-655a1.appspot.com","locationId":"us-central"},"state":"ACTIVE"}
[info] i  Using project matchhub-alpha-655a1 (matchhub-alpha) 
[info] 
=== Hosting Setup
[info] 
[info] Your public directory is the folder (relative to your project directory) that
[info] will contain Hosting assets to be uploaded with firebase deploy. If you
[info] have a build process for your assets, use your build's output directory.
[info] 
