[debug] [2022-04-06T05:23:49.896Z] ----------------------------------------------------------------------
[debug] [2022-04-06T05:23:49.898Z] Command:       /Users/kodaishiotsuki/.nodebrew/node/v16.14.0/bin/node /Users/kodaishiotsuki/.nodebrew/current/bin/firebase deploy --only hosting
[debug] [2022-04-06T05:23:49.898Z] CLI Version:   10.5.0
[debug] [2022-04-06T05:23:49.899Z] Platform:      darwin
[debug] [2022-04-06T05:23:49.899Z] Node Version:  v16.14.0
[debug] [2022-04-06T05:23:49.900Z] Time:          Wed Apr 06 2022 14:23:49 GMT+0900 (日本標準時)
[debug] [2022-04-06T05:23:49.900Z] ----------------------------------------------------------------------
[debug] 
[debug] [2022-04-06T05:23:49.961Z] > command requires scopes: ["email","openid","https://www.googleapis.com/auth/cloudplatformprojects.readonly","https://www.googleapis.com/auth/firebase","https://www.googleapis.com/auth/cloud-platform"]
[debug] [2022-04-06T05:23:49.962Z] > authorizing via signed-in user (0711dr5@gmail.com)
[debug] [2022-04-06T05:23:49.962Z] [iam] checking project matchhub-alpha-655a1 for permissions ["firebase.projects.get","firebasehosting.sites.update"]
[debug] [2022-04-06T05:23:49.964Z] >>> [apiv2][query] POST https://cloudresourcemanager.googleapis.com/v1/projects/matchhub-alpha-655a1:testIamPermissions [none]
[debug] [2022-04-06T05:23:49.964Z] >>> [apiv2][body] POST https://cloudresourcemanager.googleapis.com/v1/projects/matchhub-alpha-655a1:testIamPermissions {"permissions":["firebase.projects.get","firebasehosting.sites.update"]}
[debug] [2022-04-06T05:23:50.348Z] <<< [apiv2][status] POST https://cloudresourcemanager.googleapis.com/v1/projects/matchhub-alpha-655a1:testIamPermissions 200
[debug] [2022-04-06T05:23:50.349Z] <<< [apiv2][body] POST https://cloudresourcemanager.googleapis.com/v1/projects/matchhub-alpha-655a1:testIamPermissions {"permissions":["firebase.projects.get","firebasehosting.sites.update"]}
[debug] [2022-04-06T05:23:50.350Z] >>> [apiv2][query] GET https://firebase.googleapis.com/v1beta1/projects/matchhub-alpha-655a1 [none]
[debug] [2022-04-06T05:23:50.758Z] <<< [apiv2][status] GET https://firebase.googleapis.com/v1beta1/projects/matchhub-alpha-655a1 200
[debug] [2022-04-06T05:23:50.759Z] <<< [apiv2][body] GET https://firebase.googleapis.com/v1beta1/projects/matchhub-alpha-655a1 {"projectId":"matchhub-alpha-655a1","projectNumber":"1023961629151","displayName":"matchhub-alpha","name":"projects/matchhub-alpha-655a1","resources":{"hostingSite":"matchhub-alpha-655a1","realtimeDatabaseInstance":"matchhub-alpha-655a1-default-rtdb","storageBucket":"matchhub-alpha-655a1.appspot.com","locationId":"us-central"},"state":"ACTIVE"}
[info] 
[info] === Deploying to 'matchhub-alpha-655a1'...
[info] 
[info] i  deploying hosting 
[debug] [2022-04-06T05:23:50.761Z] >>> [apiv2][query] GET https://firebase.googleapis.com/v1beta1/projects/matchhub-alpha-655a1 [none]
[debug] [2022-04-06T05:23:51.138Z] <<< [apiv2][status] GET https://firebase.googleapis.com/v1beta1/projects/matchhub-alpha-655a1 200
[debug] [2022-04-06T05:23:51.138Z] <<< [apiv2][body] GET https://firebase.googleapis.com/v1beta1/projects/matchhub-alpha-655a1 {"projectId":"matchhub-alpha-655a1","projectNumber":"1023961629151","displayName":"matchhub-alpha","name":"projects/matchhub-alpha-655a1","resources":{"hostingSite":"matchhub-alpha-655a1","realtimeDatabaseInstance":"matchhub-alpha-655a1-default-rtdb","storageBucket":"matchhub-alpha-655a1.appspot.com","locationId":"us-central"},"state":"ACTIVE"}
[debug] [2022-04-06T05:23:51.140Z] >>> [apiv2][query] POST https://firebasehosting.googleapis.com/v1beta1/projects/1023961629151/sites/matchhub-alpha-655a1/versions [none]
[debug] [2022-04-06T05:23:51.140Z] >>> [apiv2][body] POST https://firebasehosting.googleapis.com/v1beta1/projects/1023961629151/sites/matchhub-alpha-655a1/versions {"config":{"rewrites":[{"glob":"**","path":"/index.html"}]},"labels":{"deployment-tool":"cli-firebase"}}
[debug] [2022-04-06T05:23:52.558Z] <<< [apiv2][status] POST https://firebasehosting.googleapis.com/v1beta1/projects/1023961629151/sites/matchhub-alpha-655a1/versions 200
[debug] [2022-04-06T05:23:52.558Z] <<< [apiv2][body] POST https://firebasehosting.googleapis.com/v1beta1/projects/1023961629151/sites/matchhub-alpha-655a1/versions {"name":"projects/1023961629151/sites/matchhub-alpha-655a1/versions/e5df242ef3e873d5","status":"CREATED","config":{"rewrites":[{"glob":"**","path":"/index.html"}]},"labels":{"deployment-tool":"cli-firebase"}}
[info] i  hosting[matchhub-alpha-655a1]: beginning deploy... 
[info] i  hosting[matchhub-alpha-655a1]: found 46 files in build 
[debug] [2022-04-06T05:23:52.572Z] [hosting] uploading with 200 concurrency
[debug] [2022-04-06T05:23:53.455Z] [hosting] hash cache [YnVpbGQ] stored for 46 files
[debug] [2022-04-06T05:23:53.456Z] [hosting][hash queue][FINAL] {"max":873,"min":39,"avg":86.1086956521739,"active":0,"complete":46,"success":46,"errored":0,"retried":0,"total":46,"elapsed":881}
[debug] [2022-04-06T05:23:53.456Z] >>> [apiv2][query] POST https://firebasehosting.googleapis.com/v1beta1/projects/1023961629151/sites/matchhub-alpha-655a1/versions/e5df242ef3e873d5:populateFiles [none]
[debug] [2022-04-06T05:23:53.456Z] >>> [apiv2][body] POST https://firebasehosting.googleapis.com/v1beta1/projects/1023961629151/sites/matchhub-alpha-655a1/versions/e5df242ef3e873d5:populateFiles {"files":{"/404.html":"05cbc6f94d7a69ce2e29646eab13be2c884e61ba93e3094df5028866876d18b3","/asset-manifest.json":"536fae6a43103a95f11f62dffae3f3f35e787cfe1409160141b6dc6766c270c8","/index.html":"43fa65b757603037a2cf1dbc34e1b8c12eeaa240e99c4e72976da3762c53d457","/logo192.png":"caff018b7f1e8fd481eb1c50d75b0ef236bcd5078b1d15c8bb348453fee30293","/manifest.json":"341d52628782f8ac9290bbfc43298afccb47b7cbfcee146ae30cf0f46bc30900","/robots.txt":"391d14b3c2f8c9143a27a28c7399585142228d4d1bdbe2c87ac946de411fa9a2","/favicon.ico":"b72f7455f00e4e58792d2bca892abb068e2213838c0316d6b7a0d6d16acd1955","/assets/user.png":"e80dc0ba73c83d34c3c04111edad6369f2c3bd7d81c082088d29aa692c8f2de0","/assets/metty.png":"5c5c22c6a2264b316fc7e6a58accb75273635cb82b1c4ef52542009dad4fd5b8","/logo512.png":"191fc21360b4ccfb1cda11a1efb97f489ed22672ca83f4064316802bbfdd750e","/static/css/main.ee380bb7.chunk.css":"1700e2d0e31c41629c40e4688e7ab9fb97ed0659da420e27443155db1dd1fe03","/static/css/main.ee380bb7.chunk.css.map":"4023aa1b0cdb72bf6f31d7836438445cec589a0a83ddd3e0413a68333e5d8ee4","/assets/logo.png":"cdf9763737f0aec48851d75d23de74f7ed3bd259052c1b900577e84c000d2ca6","/static/js/2.9b471172.chunk.js.LICENSE.txt":"c5f2c13ba73187a115ca0eeb445240c83d744d2e2d2c85c38dc722eab81d91cf","/static/js/3.95263ad7.chunk.js":"685b140bb219d653f53584b635cc33323a76233ea8a16e3d17af5f981108d199","/static/js/3.95263ad7.chunk.js.map":"0b2c2cb9470c46377d7b7ee91af670e62898e25d958b116925a1328ee8d277e3","/static/js/runtime-main.a84be071.js":"7a1c2853b991baba62423b89b25453c5f3ce72af294e031e9713609ab26a552b","/static/js/runtime-main.a84be071.js.map":"be1ba085330d58be7540261b0bfa0ab39573f84f72fcbba8b0f53035127defa6","/static/media/outline-icons.53671035.ttf":"9ff85811994b86fbc3a41181bb13bcd7d7d88aad292cab16b817a6534be32429","/static/media/outline-icons.687a4990.woff2":"6700f0e34054fbca8c9aa4588c7759c4cd420b72e28bc7e97ccd049c9c44cd9a","/static/media/outline-icons.ddae9b1b.woff":"f8b7bec973edfafd27b1fe4d7f0184288bfc25f10e064092c367fac1f7614593","/static/media/outline-icons.752905fa.eot":"5fde7caeeff326bde2a28ebf47c1dd91e521bf0c76b68a00259dc5e7ca31248a","/static/media/flags.99f63ae7.png":"e88a6574e41ed3a7a5f2514c2791057f834e85ae01f7dd83c901afa45c72209d","/assets/categoryImages/drinks.jpg":"a7a7484aba96eb6a8633419bdb53ace60385752449ba6b078bcc84a5b6116921","/static/js/main.3cab04fa.chunk.js":"9a6acb529945278817c8f60b51b5a87db553e92d8a9ceb6cfe6db49d2a26a1d0","/static/media/icons.38c6d8ba.woff2":"519f78ac7006b79cd6cd8d612383961174c1307bffd80b9f1c1187267be29f6a","/static/media/brand-icons.278156e4.woff2":"431111d973342f701beaea76f65a82de9c76c5129f2aee9bb7eb20e11b8d1405","/static/media/brand-icons.cac87dc0.woff":"a273abbc7b61349a118224a44d65de7d120a2d0f691cb30a03b1f960ee908eb8","/static/media/icons.425399f8.woff":"6ec6c5eaeb4f897ff5a0ce0741b98838454a9a3a384ee572627b9b138efb6b69","/static/media/brand-icons.65a2fb6d.ttf":"a0825859997f5887a56207a2df6d072ee278a49e26062bf5fbb9a400502fc90a","/static/media/brand-icons.d68fa3e6.eot":"ddc859401ef676867d40bc1be611b1df2d29c0c8ac55b48865bd4f0f6f93a583","/static/media/outline-icons.9c4845b4.svg":"e849c46fa616f090fdcdb229f16fc9d2936715078acf18b66a2f05b9b62f91dc","/static/media/icons.c656b8ca.ttf":"1dcac79feb4ad0118b234828e5dc840ac02e5bd55ae239cfaa0ddb9ae2415226","/static/media/icons.a01e3f2d.eot":"ffc7c15bdbc987604433a6e2e94f8aeb9fdd8ef5f12e66ee1446cc00cccdadc3","/assets/categoryImages/food.jpg":"30245d0003a99f9aed5def06e42b9c26b2c89d81f02432e5033c2996d3d66dbb","/assets/categoryImages/music.jpg":"8af7398b2f089b633121ae27a2ebd38779b2ff0608dcc8d91915a4d280ff2b77","/assets/categoryImages/film.jpg":"54c680ebf4bbbca91cabb589b373117e3916523b02ab99200e2c24370b69ee75","/static/js/main.3cab04fa.chunk.js.map":"948e9effe5e8ef9b6cc149de9cd0e4af9a00a5881fd5f2a6a1d073940f1c3dd2","/assets/categoryImages/travel.jpg":"f851a34c24831ee5bd363984222de1b66f5f16799d5fac3ef2f4cf491feab541","/assets/categoryImages/culture.jpg":"066c21cf6c7066aeefb8af45f7135d5417c9f537a7455ddd4c97cde00bd60356","/static/media/icons.62d9dae4.svg":"14d21ad5f2fddbd49f4a9789fbcb1363521e1d5ee1b85a3cbcc7755703b316ef","/static/css/2.c7acdd73.chunk.css":"ef5e9b7cc7be43236538421e3e4c3fba74764f94af42059b0255feb1e8a32183","/static/js/2.9b471172.chunk.js":"ac699332e71c0f9b681fc3207f710b0285735ba90be4267eb86d62e80b6993e3","/static/css/2.c7acdd73.chunk.css.map":"d28d8ff16f6decd6b5b2d25c82e8419cb074354f91b542b73e8ce97e034960bc","/static/media/brand-icons.6729d297.svg":"a12aa43d192f48f7eda1d0b2f670d647bd3e9c951b1e9a0e3c7f93f25842f8be","/static/js/2.9b471172.chunk.js.map":"33c44f063da8a8bcecc0360edc7d03965b75b4a323375f976e0d165e5541506c"}}
[debug] [2022-04-06T05:23:54.686Z] <<< [apiv2][status] POST https://firebasehosting.googleapis.com/v1beta1/projects/1023961629151/sites/matchhub-alpha-655a1/versions/e5df242ef3e873d5:populateFiles 200
[debug] [2022-04-06T05:23:54.686Z] <<< [apiv2][body] POST https://firebasehosting.googleapis.com/v1beta1/projects/1023961629151/sites/matchhub-alpha-655a1/versions/e5df242ef3e873d5:populateFiles {"uploadRequiredHashes":["9a6acb529945278817c8f60b51b5a87db553e92d8a9ceb6cfe6db49d2a26a1d0","33c44f063da8a8bcecc0360edc7d03965b75b4a323375f976e0d165e5541506c","948e9effe5e8ef9b6cc149de9cd0e4af9a00a5881fd5f2a6a1d073940f1c3dd2","43fa65b757603037a2cf1dbc34e1b8c12eeaa240e99c4e72976da3762c53d457","ac699332e71c0f9b681fc3207f710b0285735ba90be4267eb86d62e80b6993e3","536fae6a43103a95f11f62dffae3f3f35e787cfe1409160141b6dc6766c270c8"],"uploadUrl":"https://upload-firebasehosting.googleapis.com/upload/sites/matchhub-alpha-655a1/versions/e5df242ef3e873d5/files"}
[debug] [2022-04-06T05:23:54.688Z] >>> [apiv2][query] POST https://upload-firebasehosting.googleapis.com/upload/sites/matchhub-alpha-655a1/versions/e5df242ef3e873d5/files/9a6acb529945278817c8f60b51b5a87db553e92d8a9ceb6cfe6db49d2a26a1d0 [none]
[debug] [2022-04-06T05:23:54.688Z] >>> [apiv2][body] POST https://upload-firebasehosting.googleapis.com/upload/sites/matchhub-alpha-655a1/versions/e5df242ef3e873d5/files/9a6acb529945278817c8f60b51b5a87db553e92d8a9ceb6cfe6db49d2a26a1d0 [stream]
[debug] [2022-04-06T05:23:54.690Z] >>> [apiv2][query] POST https://upload-firebasehosting.googleapis.com/upload/sites/matchhub-alpha-655a1/versions/e5df242ef3e873d5/files/33c44f063da8a8bcecc0360edc7d03965b75b4a323375f976e0d165e5541506c [none]
[debug] [2022-04-06T05:23:54.690Z] >>> [apiv2][body] POST https://upload-firebasehosting.googleapis.com/upload/sites/matchhub-alpha-655a1/versions/e5df242ef3e873d5/files/33c44f063da8a8bcecc0360edc7d03965b75b4a323375f976e0d165e5541506c [stream]
[debug] [2022-04-06T05:23:54.691Z] >>> [apiv2][query] POST https://upload-firebasehosting.googleapis.com/upload/sites/matchhub-alpha-655a1/versions/e5df242ef3e873d5/files/948e9effe5e8ef9b6cc149de9cd0e4af9a00a5881fd5f2a6a1d073940f1c3dd2 [none]
[debug] [2022-04-06T05:23:54.691Z] >>> [apiv2][body] POST https://upload-firebasehosting.googleapis.com/upload/sites/matchhub-alpha-655a1/versions/e5df242ef3e873d5/files/948e9effe5e8ef9b6cc149de9cd0e4af9a00a5881fd5f2a6a1d073940f1c3dd2 [stream]
[debug] [2022-04-06T05:23:54.692Z] >>> [apiv2][query] POST https://upload-firebasehosting.googleapis.com/upload/sites/matchhub-alpha-655a1/versions/e5df242ef3e873d5/files/43fa65b757603037a2cf1dbc34e1b8c12eeaa240e99c4e72976da3762c53d457 [none]
[debug] [2022-04-06T05:23:54.693Z] >>> [apiv2][body] POST https://upload-firebasehosting.googleapis.com/upload/sites/matchhub-alpha-655a1/versions/e5df242ef3e873d5/files/43fa65b757603037a2cf1dbc34e1b8c12eeaa240e99c4e72976da3762c53d457 [stream]
[debug] [2022-04-06T05:23:54.694Z] >>> [apiv2][query] POST https://upload-firebasehosting.googleapis.com/upload/sites/matchhub-alpha-655a1/versions/e5df242ef3e873d5/files/ac699332e71c0f9b681fc3207f710b0285735ba90be4267eb86d62e80b6993e3 [none]
[debug] [2022-04-06T05:23:54.694Z] >>> [apiv2][body] POST https://upload-firebasehosting.googleapis.com/upload/sites/matchhub-alpha-655a1/versions/e5df242ef3e873d5/files/ac699332e71c0f9b681fc3207f710b0285735ba90be4267eb86d62e80b6993e3 [stream]
[debug] [2022-04-06T05:23:54.695Z] >>> [apiv2][query] POST https://upload-firebasehosting.googleapis.com/upload/sites/matchhub-alpha-655a1/versions/e5df242ef3e873d5/files/536fae6a43103a95f11f62dffae3f3f35e787cfe1409160141b6dc6766c270c8 [none]
[debug] [2022-04-06T05:23:54.695Z] >>> [apiv2][body] POST https://upload-firebasehosting.googleapis.com/upload/sites/matchhub-alpha-655a1/versions/e5df242ef3e873d5/files/536fae6a43103a95f11f62dffae3f3f35e787cfe1409160141b6dc6766c270c8 [stream]
[debug] [2022-04-06T05:23:54.697Z] [hosting][populate queue][FINAL] {"max":1234,"min":1234,"avg":1234,"active":0,"complete":1,"success":1,"errored":0,"retried":0,"total":1,"elapsed":1243}
[debug] [2022-04-06T05:23:54.697Z] [hosting] uploads queued: 6
[debug] [2022-04-06T05:23:56.310Z] <<< [apiv2][status] POST https://upload-firebasehosting.googleapis.com/upload/sites/matchhub-alpha-655a1/versions/e5df242ef3e873d5/files/43fa65b757603037a2cf1dbc34e1b8c12eeaa240e99c4e72976da3762c53d457 200
[debug] [2022-04-06T05:23:56.311Z] <<< [apiv2][body] POST https://upload-firebasehosting.googleapis.com/upload/sites/matchhub-alpha-655a1/versions/e5df242ef3e873d5/files/43fa65b757603037a2cf1dbc34e1b8c12eeaa240e99c4e72976da3762c53d457 [stream]
[debug] [2022-04-06T05:23:56.522Z] <<< [apiv2][status] POST https://upload-firebasehosting.googleapis.com/upload/sites/matchhub-alpha-655a1/versions/e5df242ef3e873d5/files/536fae6a43103a95f11f62dffae3f3f35e787cfe1409160141b6dc6766c270c8 200
[debug] [2022-04-06T05:23:56.522Z] <<< [apiv2][body] POST https://upload-firebasehosting.googleapis.com/upload/sites/matchhub-alpha-655a1/versions/e5df242ef3e873d5/files/536fae6a43103a95f11f62dffae3f3f35e787cfe1409160141b6dc6766c270c8 [stream]
[debug] [2022-04-06T05:23:57.259Z] <<< [apiv2][status] POST https://upload-firebasehosting.googleapis.com/upload/sites/matchhub-alpha-655a1/versions/e5df242ef3e873d5/files/9a6acb529945278817c8f60b51b5a87db553e92d8a9ceb6cfe6db49d2a26a1d0 200
[debug] [2022-04-06T05:23:57.259Z] <<< [apiv2][body] POST https://upload-firebasehosting.googleapis.com/upload/sites/matchhub-alpha-655a1/versions/e5df242ef3e873d5/files/9a6acb529945278817c8f60b51b5a87db553e92d8a9ceb6cfe6db49d2a26a1d0 [stream]
[debug] [2022-04-06T05:24:03.607Z] <<< [apiv2][status] POST https://upload-firebasehosting.googleapis.com/upload/sites/matchhub-alpha-655a1/versions/e5df242ef3e873d5/files/948e9effe5e8ef9b6cc149de9cd0e4af9a00a5881fd5f2a6a1d073940f1c3dd2 200
[debug] [2022-04-06T05:24:03.607Z] <<< [apiv2][body] POST https://upload-firebasehosting.googleapis.com/upload/sites/matchhub-alpha-655a1/versions/e5df242ef3e873d5/files/948e9effe5e8ef9b6cc149de9cd0e4af9a00a5881fd5f2a6a1d073940f1c3dd2 [stream]
